<?xml version="1.0" encoding="UTF-8"?>
<!-- Generated by org.testng.reporters.JUnitXMLReporter -->
<testsuite hostname="DESKTOP-A3HVBU0" ignored="0" name="RetryMultipleFailedTestCases" tests="1" failures="1" timestamp="25 Apr 2020 12:25:57 GMT" time="36.035" errors="0">
  <testcase name="loginMethodTest" time="0.73" classname="testSuite.LoginTest">
    <failure type="java.lang.AssertionError" message="expected [CRMPRO -CRM software for customer relationship management, sales, and support.] but found [CRMPRO - CRM software for customer relationship management, sales, and support.]">
      <![CDATA[java.lang.AssertionError: expected [CRMPRO -CRM software for customer relationship management, sales, and support.] but found [CRMPRO - CRM software for customer relationship management, sales, and support.]
at pages.LoginPage.verifyLoginPagetitle_aroundBody0(LoginPage.java:29)
at pages.LoginPage$AjcClosure1.run(LoginPage.java:1)
at io.qameta.allure.aspects.StepsAspects.step(StepsAspects.java:51)
at pages.LoginPage.verifyLoginPagetitle(LoginPage.java:28)
at testSuite.LoginTest.loginMethodTest(LoginTest.java:24)
... Removed 32 stack frames]]>
    </failure>
  </testcase> <!-- loginMethodTest -->
</testsuite> <!-- RetryMultipleFailedTestCases -->
