<?xml version="1.0" encoding="UTF-8"?>
<testng-results skipped="0" failed="0" ignored="0" total="1" passed="1">
  <reporter-output>
  </reporter-output>
  <suite name="Default suite" duration-ms="40998" started-at="2020-04-22T21:19:08Z" finished-at="2020-04-22T21:19:49Z">
    <groups>
    </groups>
    <test name="Default test" duration-ms="40998" started-at="2020-04-22T21:19:08Z" finished-at="2020-04-22T21:19:49Z">
      <class name="testSuite.ContactsTest">
        <test-method status="PASS" signature="beforeMethod()[pri:0, instance:testSuite.ContactsTest@1df4d43]" name="beforeMethod" is-config="true" duration-ms="19541" started-at="2020-04-22T21:19:08Z" finished-at="2020-04-22T21:19:28Z">
          <reporter-output>
          </reporter-output>
        </test-method> <!-- beforeMethod -->
        <test-method status="PASS" signature="verifyLabelsTest()[pri:0, instance:testSuite.ContactsTest@1df4d43]" name="verifyLabelsTest" duration-ms="19226" started-at="2020-04-22T21:19:28Z" finished-at="2020-04-22T21:19:47Z">
          <reporter-output>
          </reporter-output>
        </test-method> <!-- verifyLabelsTest -->
        <test-method status="PASS" signature="tearDown()[pri:0, instance:testSuite.ContactsTest@1df4d43]" name="tearDown" is-config="true" duration-ms="1343" started-at="2020-04-22T21:19:48Z" finished-at="2020-04-22T21:19:49Z">
          <reporter-output>
          </reporter-output>
        </test-method> <!-- tearDown -->
      </class> <!-- testSuite.ContactsTest -->
    </test> <!-- Default test -->
  </suite> <!-- Default suite -->
</testng-results>
